<?xml version="1.0" encoding="UTF-8"?>
<testng-results skipped="0" failed="0" ignored="0" total="1" passed="1">
  <reporter-output>
  </reporter-output>
  <suite name="Surefire suite" duration-ms="7456" started-at="2018-12-12T13:13:37Z" finished-at="2018-12-12T13:13:45Z">
    <groups>
    </groups>
    <test name="Surefire test" duration-ms="7456" started-at="2018-12-12T13:13:37Z" finished-at="2018-12-12T13:13:45Z">
      <class name="testCases.launchChromeTest">
        <test-method status="PASS" signature="launchGoogleHome()[pri:0, instance:testCases.launchChromeTest@6e8dacdf]" name="launchGoogleHome" duration-ms="7435" started-at="2018-12-12T18:43:37Z" finished-at="2018-12-12T18:43:45Z">
          <reporter-output>
          </reporter-output>
        </test-method> <!-- launchGoogleHome -->
      </class> <!-- testCases.launchChromeTest -->
    </test> <!-- Surefire test -->
  </suite> <!-- Surefire suite -->
</testng-results>
